<?xml version="1.0" encoding="UTF-8"?>
<!-- Generated by org.testng.reporters.JUnitReportReporter -->
<testsuite hostname="LAPTOP" failures="0" tests="1" name="RestAssured.TC002Post" time="7.732" errors="0" timestamp="2022-02-24T10:39:30 IST" skipped="0">
  <testcase classname="RestAssured.TC002Post" name="registration" time="7.732"/>
  <system-out/>
</testsuite> <!-- RestAssured.TC002Post -->
