<?xml version="1.0" encoding="UTF-8"?>
<!-- Generated by org.testng.reporters.JUnitReportReporter -->
<testsuite hostname="LAPTOP" failures="0" tests="1" name="RestAssured.TC_05GET" time="7.626" errors="0" timestamp="2022-02-24T10:42:06 IST" skipped="0">
  <testcase classname="RestAssured.TC_05GET" name="googleMapTest" time="7.626"/>
  <system-out/>
</testsuite> <!-- RestAssured.TC_05GET -->
